# JRE version: Java(TM) SE Runtime Environment (9.0+11) (build 9.0.4+11)
# Java VM: Java HotSpot(TM) 64-Bit Server VM (9.0.4+11, mixed mode, tiered, compressed oops, g1 gc, windows-amd64)
Heap:
 garbage-first heap   total 157696K, used 76935K [0x0000000700000000, 0x00000007001004d0, 0x00000007c0000000)
  region size 1024K, 10 young (10240K), 0 survivors (0K)
 Metaspace       used 75628K, capacity 80258K, committed 80304K, reserved 1118208K
  class space    used 10604K, capacity 11403K, committed 11440K, reserved 1048576K
GC Heap History (10 events):
Event: 92.127 GC heap before
{Heap before GC invocations=51 (full 1):
 garbage-first heap   total 157696K, used 125932K [0x0000000700000000, 0x00000007001004d0, 0x00000007c0000000)
  region size 1024K, 60 young (61440K), 3 survivors (3072K)
 Metaspace       used 71355K, capacity 75750K, committed 76080K, reserved 1114112K
  class space    used 9902K, capacity 10707K, committed 10800K, reserved 1048576K
}
Event: 92.132 GC heap after
{Heap after GC invocations=52 (full 1):
 garbage-first heap   total 157696K, used 69368K [0x0000000700000000, 0x00000007001004d0, 0x00000007c0000000)
  region size 1024K, 5 young (5120K), 5 survivors (5120K)
 Metaspace       used 71355K, capacity 75750K, committed 76080K, reserved 1114112K
  class space    used 9902K, capacity 10707K, committed 10800K, reserved 1048576K
}
Event: 92.563 GC heap before
{Heap before GC invocations=52 (full 1):
 garbage-first heap   total 157696K, used 125688K [0x0000000700000000, 0x00000007001004d0, 0x00000007c0000000)
  region size 1024K, 60 young (61440K), 5 survivors (5120K)
 Metaspace       used 72381K, capacity 76788K, committed 76976K, reserved 1116160K
  class space    used 10091K, capacity 10874K, committed 10928K, reserved 1048576K
}
Event: 92.569 GC heap after
{Heap after GC invocations=53 (full 1):
 garbage-first heap   total 157696K, used 70720K [0x0000000700000000, 0x00000007001004d0, 0x00000007c0000000)
  region size 1024K, 6 young (6144K), 6 survivors (6144K)
 Metaspace       used 72381K, capacity 76788K, committed 76976K, reserved 1116160K
  class space    used 10091K, capacity 10874K, committed 10928K, reserved 1048576K
}
Event: 93.053 GC heap before
{Heap before GC invocations=53 (full 1):
 garbage-first heap   total 157696K, used 126016K [0x0000000700000000, 0x00000007001004d0, 0x00000007c0000000)
  region size 1024K, 60 young (61440K), 6 survivors (6144K)
 Metaspace       used 74674K, capacity 79362K, committed 79536K, reserved 1118208K
  class space    used 10510K, capacity 11339K, committed 11440K, reserved 1048576K
}
Event: 93.059 GC heap after
{Heap after GC invocations=54 (full 1):
 garbage-first heap   total 157696K, used 74178K [0x0000000700000000, 0x00000007001004d0, 0x00000007c0000000)
  region size 1024K, 8 young (8192K), 8 survivors (8192K)
 Metaspace       used 74674K, capacity 79362K, committed 79536K, reserved 1118208K
  class space    used 10510K, capacity 11339K, committed 11440K, reserved 1048576K
}
Event: 93.257 GC heap before
{Heap before GC invocations=54 (full 1):
 garbage-first heap   total 157696K, used 114114K [0x0000000700000000, 0x00000007001004d0, 0x00000007c0000000)
  region size 1024K, 45 young (46080K), 8 survivors (8192K)
 Metaspace       used 75484K, capacity 80130K, committed 80304K, reserved 1118208K
  class space    used 10596K, capacity 11403K, committed 11440K, reserved 1048576K
}
Event: 93.264 GC heap after
{Heap after GC invocations=55 (full 1):
 garbage-first heap   total 157696K, used 76808K [0x0000000700000000, 0x00000007001004d0, 0x00000007c0000000)
  region size 1024K, 4 young (4096K), 4 survivors (4096K)
 Metaspace       used 75484K, capacity 80130K, committed 80304K, reserved 1118208K
  class space    used 10596K, capacity 11403K, committed 11440K, reserved 1048576K
}
Event: 93.315 GC heap before
{Heap before GC invocations=55 (full 1):
 garbage-first heap   total 157696K, used 80904K [0x0000000700000000, 0x00000007001004d0, 0x00000007c0000000)
  region size 1024K, 6 young (6144K), 4 survivors (4096K)
 Metaspace       used 75512K, capacity 80194K, committed 80304K, reserved 1118208K
  class space    used 10597K, capacity 11403K, committed 11440K, reserved 1048576K
}
Event: 93.466 GC heap after
{Heap after GC invocations=56 (full 2):
 garbage-first heap   total 157696K, used 67719K [0x0000000700000000, 0x00000007001004d0, 0x00000007c0000000)
  region size 1024K, 0 young (0K), 0 survivors (0K)
 Metaspace       used 75512K, capacity 80194K, committed 80304K, reserved 1118208K
  class space    used 10597K, capacity 11403K, committed 11440K, reserved 1048576K
}

