# JRE version: Java(TM) SE Runtime Environment (9.0+11) (build 9.0.4+11)
# Java VM: Java HotSpot(TM) 64-Bit Server VM (9.0.4+11, mixed mode, tiered, compressed oops, g1 gc, windows-amd64)
Heap:
 garbage-first heap   total 272384K, used 105624K [0x0000000700000000, 0x0000000700100850, 0x00000007c0000000)
  region size 1024K, 21 young (21504K), 1 survivors (1024K)
 Metaspace       used 86502K, capacity 88356K, committed 92336K, reserved 1130496K
  class space    used 11218K, capacity 11638K, committed 12464K, reserved 1048576K
GC Heap History (10 events):
Event: 191898.971 GC heap before
{Heap before GC invocations=2165 (full 476):
 garbage-first heap   total 272384K, used 145306K [0x0000000700000000, 0x0000000700100850, 0x00000007c0000000)
  region size 1024K, 60 young (61440K), 1 survivors (1024K)
 Metaspace       used 85926K, capacity 87714K, committed 91696K, reserved 1128448K
  class space    used 11121K, capacity 11521K, committed 12336K, reserved 1048576K
}
Event: 191898.983 GC heap after
{Heap after GC invocations=2166 (full 476):
 garbage-first heap   total 272384K, used 84906K [0x0000000700000000, 0x0000000700100850, 0x00000007c0000000)
  region size 1024K, 1 young (1024K), 1 survivors (1024K)
 Metaspace       used 85926K, capacity 87714K, committed 91696K, reserved 1128448K
  class space    used 11121K, capacity 11521K, committed 12336K, reserved 1048576K
}
Event: 191900.696 GC heap before
{Heap before GC invocations=2166 (full 476):
 garbage-first heap   total 272384K, used 145322K [0x0000000700000000, 0x0000000700100850, 0x00000007c0000000)
  region size 1024K, 60 young (61440K), 1 survivors (1024K)
 Metaspace       used 85928K, capacity 87714K, committed 91696K, reserved 1128448K
  class space    used 11121K, capacity 11521K, committed 12336K, reserved 1048576K
}
Event: 191900.699 GC heap after
{Heap after GC invocations=2167 (full 476):
 garbage-first heap   total 272384K, used 84868K [0x0000000700000000, 0x0000000700100850, 0x00000007c0000000)
  region size 1024K, 1 young (1024K), 1 survivors (1024K)
 Metaspace       used 85928K, capacity 87714K, committed 91696K, reserved 1128448K
  class space    used 11121K, capacity 11521K, committed 12336K, reserved 1048576K
}
Event: 191900.876 GC heap before
{Heap before GC invocations=2167 (full 476):
 garbage-first heap   total 272384K, used 145284K [0x0000000700000000, 0x0000000700100850, 0x00000007c0000000)
  region size 1024K, 60 young (61440K), 1 survivors (1024K)
 Metaspace       used 85928K, capacity 87714K, committed 91696K, reserved 1128448K
  class space    used 11121K, capacity 11521K, committed 12336K, reserved 1048576K
}
Event: 191900.881 GC heap after
{Heap after GC invocations=2168 (full 476):
 garbage-first heap   total 272384K, used 85171K [0x0000000700000000, 0x0000000700100850, 0x00000007c0000000)
  region size 1024K, 1 young (1024K), 1 survivors (1024K)
 Metaspace       used 85928K, capacity 87714K, committed 91696K, reserved 1128448K
  class space    used 11121K, capacity 11521K, committed 12336K, reserved 1048576K
}
Event: 191901.564 GC heap before
{Heap before GC invocations=2168 (full 476):
 garbage-first heap   total 272384K, used 145587K [0x0000000700000000, 0x0000000700100850, 0x00000007c0000000)
  region size 1024K, 60 young (61440K), 1 survivors (1024K)
 Metaspace       used 85928K, capacity 87714K, committed 91696K, reserved 1128448K
  class space    used 11121K, capacity 11521K, committed 12336K, reserved 1048576K
}
Event: 191901.567 GC heap after
{Heap after GC invocations=2169 (full 476):
 garbage-first heap   total 272384K, used 84947K [0x0000000700000000, 0x0000000700100850, 0x00000007c0000000)
  region size 1024K, 1 young (1024K), 1 survivors (1024K)
 Metaspace       used 85928K, capacity 87714K, committed 91696K, reserved 1128448K
  class space    used 11121K, capacity 11521K, committed 12336K, reserved 1048576K
}
Event: 191905.868 GC heap before
{Heap before GC invocations=2169 (full 476):
 garbage-first heap   total 272384K, used 118739K [0x0000000700000000, 0x0000000700100850, 0x00000007c0000000)
  region size 1024K, 35 young (35840K), 1 survivors (1024K)
 Metaspace       used 85928K, capacity 87714K, committed 91696K, reserved 1128448K
  class space    used 11121K, capacity 11521K, committed 12336K, reserved 1048576K
}
Event: 191905.871 GC heap after
{Heap after GC invocations=2170 (full 476):
 garbage-first heap   total 272384K, used 85144K [0x0000000700000000, 0x0000000700100850, 0x00000007c0000000)
  region size 1024K, 1 young (1024K), 1 survivors (1024K)
 Metaspace       used 85928K, capacity 87714K, committed 91696K, reserved 1128448K
  class space    used 11121K, capacity 11521K, committed 12336K, reserved 1048576K
}

